<?xml version="1.0" encoding="UTF-8"?>
<!-- Generated by org.testng.reporters.JUnitReportReporter -->
<testsuite hostname="DESKTOP-2SJV0LG" failures="0" tests="11" name="testcases.PermissionTest" time="0.010" errors="1" timestamp="2023-01-10T13:46:24 IST" skipped="10">
  <testcase classname="testcases.PermissionTest" name="testConnNone" time="0.000">
    <skipped/>
  </testcase> <!-- testConnNone -->
  <system-out/>
  <testcase classname="testcases.PermissionTest" name="setUp" time="0.010">
    <error type="java.lang.StackOverflowError">
      <![CDATA[java.lang.StackOverflowError
at testcases.PermissionTest.setUp(PermissionTest.java:48)
at testcases.PermissionTest.setUp(PermissionTest.java:48)
at testcases.PermissionTest.setUp(PermissionTest.java:48)
at testcases.PermissionTest.setUp(PermissionTest.java:48)
at testcases.PermissionTest.setUp(PermissionTest.java:48)
at testcases.PermissionTest.setUp(PermissionTest.java:48)
at testcases.PermissionTest.setUp(PermissionTest.java:48)
at testcases.PermissionTest.setUp(PermissionTest.java:48)
at testcases.PermissionTest.setUp(PermissionTest.java:48)
at testcases.PermissionTest.setUp(PermissionTest.java:48)
at testcases.PermissionTest.setUp(PermissionTest.java:48)
at testcases.PermissionTest.setUp(PermissionTest.java:48)
at testcases.PermissionTest.setUp(PermissionTest.java:48)
at testcases.PermissionTest.setUp(PermissionTest.java:48)
at testcases.PermissionTest.setUp(PermissionTest.java:48)
at testcases.PermissionTest.setUp(PermissionTest.java:48)
at testcases.PermissionTest.setUp(PermissionTest.java:48)
at testcases.PermissionTest.setUp(PermissionTest.java:48)
at testcases.PermissionTest.setUp(PermissionTest.java:48)
at testcases.PermissionTest.setUp(PermissionTest.java:48)
at testcases.PermissionTest.setUp(PermissionTest.java:48)
at testcases.PermissionTest.setUp(PermissionTest.java:48)
at testcases.PermissionTest.setUp(PermissionTest.java:48)
at testcases.PermissionTest.setUp(PermissionTest.java:48)
at testcases.PermissionTest.setUp(PermissionTest.java:48)
at testcases.PermissionTest.setUp(PermissionTest.java:48)
at testcases.PermissionTest.setUp(PermissionTest.java:48)
at testcases.PermissionTest.setUp(PermissionTest.java:48)
at testcases.PermissionTest.setUp(PermissionTest.java:48)
at testcases.PermissionTest.setUp(PermissionTest.java:48)
at testcases.PermissionTest.setUp(PermissionTest.java:48)
at testcases.PermissionTest.setUp(PermissionTest.java:48)
at testcases.PermissionTest.setUp(PermissionTest.java:48)
at testcases.PermissionTest.setUp(PermissionTest.java:48)
at testcases.PermissionTest.setUp(PermissionTest.java:48)
at testcases.PermissionTest.setUp(PermissionTest.java:48)
at testcases.PermissionTest.setUp(PermissionTest.java:48)
at testcases.PermissionTest.setUp(PermissionTest.java:48)
at testcases.PermissionTest.setUp(PermissionTest.java:48)
at testcases.PermissionTest.setUp(PermissionTest.java:48)
at testcases.PermissionTest.setUp(PermissionTest.java:48)
at testcases.PermissionTest.setUp(PermissionTest.java:48)
at testcases.PermissionTest.setUp(PermissionTest.java:48)
at testcases.PermissionTest.setUp(PermissionTest.java:48)
at testcases.PermissionTest.setUp(PermissionTest.java:48)
at testcases.PermissionTest.setUp(PermissionTest.java:48)
at testcases.PermissionTest.setUp(PermissionTest.java:48)
at testcases.PermissionTest.setUp(PermissionTest.java:48)
at testcases.PermissionTest.setUp(PermissionTest.java:48)
at testcases.PermissionTest.setUp(PermissionTest.java:48)
at testcases.PermissionTest.setUp(PermissionTest.java:48)
at testcases.PermissionTest.setUp(PermissionTest.java:48)
at testcases.PermissionTest.setUp(PermissionTest.java:48)
at testcases.PermissionTest.setUp(PermissionTest.java:48)
at testcases.PermissionTest.setUp(PermissionTest.java:48)
at testcases.PermissionTest.setUp(PermissionTest.java:48)
at testcases.PermissionTest.setUp(PermissionTest.java:48)
at testcases.PermissionTest.setUp(PermissionTest.java:48)
at testcases.PermissionTest.setUp(PermissionTest.java:48)
at testcases.PermissionTest.setUp(PermissionTest.java:48)
at testcases.PermissionTest.setUp(PermissionTest.java:48)
at testcases.PermissionTest.setUp(PermissionTest.java:48)
at testcases.PermissionTest.setUp(PermissionTest.java:48)
at testcases.PermissionTest.setUp(PermissionTest.java:48)
at testcases.PermissionTest.setUp(PermissionTest.java:48)
at testcases.PermissionTest.setUp(PermissionTest.java:48)
at testcases.PermissionTest.setUp(PermissionTest.java:48)
at testcases.PermissionTest.setUp(PermissionTest.java:48)
at testcases.PermissionTest.setUp(PermissionTest.java:48)
at testcases.PermissionTest.setUp(PermissionTest.java:48)
at testcases.PermissionTest.setUp(PermissionTest.java:48)
at testcases.PermissionTest.setUp(PermissionTest.java:48)
at testcases.PermissionTest.setUp(PermissionTest.java:48)
at testcases.PermissionTest.setUp(PermissionTest.java:48)
at testcases.PermissionTest.setUp(PermissionTest.java:48)
at testcases.PermissionTest.setUp(PermissionTest.java:48)
at testcases.PermissionTest.setUp(PermissionTest.java:48)
at testcases.PermissionTest.setUp(PermissionTest.java:48)
at testcases.PermissionTest.setUp(PermissionTest.java:48)
at testcases.PermissionTest.setUp(PermissionTest.java:48)
at testcases.PermissionTest.setUp(PermissionTest.java:48)
at testcases.PermissionTest.setUp(PermissionTest.java:48)
at testcases.PermissionTest.setUp(PermissionTest.java:48)
at testcases.PermissionTest.setUp(PermissionTest.java:48)
at testcases.PermissionTest.setUp(PermissionTest.java:48)
at testcases.PermissionTest.setUp(PermissionTest.java:48)
at testcases.PermissionTest.setUp(PermissionTest.java:48)
at testcases.PermissionTest.setUp(PermissionTest.java:48)
at testcases.PermissionTest.setUp(PermissionTest.java:48)
at testcases.PermissionTest.setUp(PermissionTest.java:48)
at testcases.PermissionTest.setUp(PermissionTest.java:48)
at testcases.PermissionTest.setUp(PermissionTest.java:48)
at testcases.PermissionTest.setUp(PermissionTest.java:48)
at testcases.PermissionTest.setUp(PermissionTest.java:48)
at testcases.PermissionTest.setUp(PermissionTest.java:48)
at testcases.PermissionTest.setUp(PermissionTest.java:48)
at testcases.PermissionTest.setUp(PermissionTest.java:48)
at testcases.PermissionTest.setUp(PermissionTest.java:48)
at testcases.PermissionTest.setUp(PermissionTest.java:48)
at testcases.PermissionTest.setUp(PermissionTest.java:48)
at testcases.PermissionTest.setUp(PermissionTest.java:48)
at testcases.PermissionTest.setUp(PermissionTest.java:48)
at testcases.PermissionTest.setUp(PermissionTest.java:48)
at testcases.PermissionTest.setUp(PermissionTest.java:48)
at testcases.PermissionTest.setUp(PermissionTest.java:48)
at testcases.PermissionTest.setUp(PermissionTest.java:48)
at testcases.PermissionTest.setUp(PermissionTest.java:48)
at testcases.PermissionTest.setUp(PermissionTest.java:48)
at testcases.PermissionTest.setUp(PermissionTest.java:48)
at testcases.PermissionTest.setUp(PermissionTest.java:48)
at testcases.PermissionTest.setUp(PermissionTest.java:48)
at testcases.PermissionTest.setUp(PermissionTest.java:48)
at testcases.PermissionTest.setUp(PermissionTest.java:48)
at testcases.PermissionTest.setUp(PermissionTest.java:48)
at testcases.PermissionTest.setUp(PermissionTest.java:48)
at testcases.PermissionTest.setUp(PermissionTest.java:48)
at testcases.PermissionTest.setUp(PermissionTest.java:48)
at testcases.PermissionTest.setUp(PermissionTest.java:48)
at testcases.PermissionTest.setUp(PermissionTest.java:48)
at testcases.PermissionTest.setUp(PermissionTest.java:48)
at testcases.PermissionTest.setUp(PermissionTest.java:48)
at testcases.PermissionTest.setUp(PermissionTest.java:48)
at testcases.PermissionTest.setUp(PermissionTest.java:48)
at testcases.PermissionTest.setUp(PermissionTest.java:48)
at testcases.PermissionTest.setUp(PermissionTest.java:48)
at testcases.PermissionTest.setUp(PermissionTest.java:48)
at testcases.PermissionTest.setUp(PermissionTest.java:48)
at testcases.PermissionTest.setUp(PermissionTest.java:48)
at testcases.PermissionTest.setUp(PermissionTest.java:48)
at testcases.PermissionTest.setUp(PermissionTest.java:48)
at testcases.PermissionTest.setUp(PermissionTest.java:48)
at testcases.PermissionTest.setUp(PermissionTest.java:48)
at testcases.PermissionTest.setUp(PermissionTest.java:48)
at testcases.PermissionTest.setUp(PermissionTest.java:48)
at testcases.PermissionTest.setUp(PermissionTest.java:48)
at testcases.PermissionTest.setUp(PermissionTest.java:48)
at testcases.PermissionTest.setUp(PermissionTest.java:48)
at testcases.PermissionTest.setUp(PermissionTest.java:48)
at testcases.PermissionTest.setUp(PermissionTest.java:48)
at testcases.PermissionTest.setUp(PermissionTest.java:48)
at testcases.PermissionTest.setUp(PermissionTest.java:48)
at testcases.PermissionTest.setUp(PermissionTest.java:48)
at testcases.PermissionTest.setUp(PermissionTest.java:48)
at testcases.PermissionTest.setUp(PermissionTest.java:48)
at testcases.PermissionTest.setUp(PermissionTest.java:48)
at testcases.PermissionTest.setUp(PermissionTest.java:48)
at testcases.PermissionTest.setUp(PermissionTest.java:48)
at testcases.PermissionTest.setUp(PermissionTest.java:48)
at testcases.PermissionTest.setUp(PermissionTest.java:48)
at testcases.PermissionTest.setUp(PermissionTest.java:48)
at testcases.PermissionTest.setUp(PermissionTest.java:48)
at testcases.PermissionTest.setUp(PermissionTest.java:48)
at testcases.PermissionTest.setUp(PermissionTest.java:48)
at testcases.PermissionTest.setUp(PermissionTest.java:48)
at testcases.PermissionTest.setUp(PermissionTest.java:48)
at testcases.PermissionTest.setUp(PermissionTest.java:48)
at testcases.PermissionTest.setUp(PermissionTest.java:48)
at testcases.PermissionTest.setUp(PermissionTest.java:48)
at testcases.PermissionTest.setUp(PermissionTest.java:48)
at testcases.PermissionTest.setUp(PermissionTest.java:48)
at testcases.PermissionTest.setUp(PermissionTest.java:48)
at testcases.PermissionTest.setUp(PermissionTest.java:48)
at testcases.PermissionTest.setUp(PermissionTest.java:48)
at testcases.PermissionTest.setUp(PermissionTest.java:48)
at testcases.PermissionTest.setUp(PermissionTest.java:48)
at testcases.PermissionTest.setUp(PermissionTest.java:48)
at testcases.PermissionTest.setUp(PermissionTest.java:48)
at testcases.PermissionTest.setUp(PermissionTest.java:48)
at testcases.PermissionTest.setUp(PermissionTest.java:48)
at testcases.PermissionTest.setUp(PermissionTest.java:48)
at testcases.PermissionTest.setUp(PermissionTest.java:48)
at testcases.PermissionTest.setUp(PermissionTest.java:48)
at testcases.PermissionTest.setUp(PermissionTest.java:48)
at testcases.PermissionTest.setUp(PermissionTest.java:48)
at testcases.PermissionTest.setUp(PermissionTest.java:48)
at testcases.PermissionTest.setUp(PermissionTest.java:48)
at testcases.PermissionTest.setUp(PermissionTest.java:48)
at testcases.PermissionTest.setUp(PermissionTest.java:48)
at testcases.PermissionTest.setUp(PermissionTest.java:48)
at testcases.PermissionTest.setUp(PermissionTest.java:48)
at testcases.PermissionTest.setUp(PermissionTest.java:48)
at testcases.PermissionTest.setUp(PermissionTest.java:48)
at testcases.PermissionTest.setUp(PermissionTest.java:48)
at testcases.PermissionTest.setUp(PermissionTest.java:48)
at testcases.PermissionTest.setUp(PermissionTest.java:48)
at testcases.PermissionTest.setUp(PermissionTest.java:48)
at testcases.PermissionTest.setUp(PermissionTest.java:48)
at testcases.PermissionTest.setUp(PermissionTest.java:48)
at testcases.PermissionTest.setUp(PermissionTest.java:48)
at testcases.PermissionTest.setUp(PermissionTest.java:48)
at testcases.PermissionTest.setUp(PermissionTest.java:48)
at testcases.PermissionTest.setUp(PermissionTest.java:48)
at testcases.PermissionTest.setUp(PermissionTest.java:48)
at testcases.PermissionTest.setUp(PermissionTest.java:48)
at testcases.PermissionTest.setUp(PermissionTest.java:48)
at testcases.PermissionTest.setUp(PermissionTest.java:48)
at testcases.PermissionTest.setUp(PermissionTest.java:48)
at testcases.PermissionTest.setUp(PermissionTest.java:48)
at testcases.PermissionTest.setUp(PermissionTest.java:48)
at testcases.PermissionTest.setUp(PermissionTest.java:48)
at testcases.PermissionTest.setUp(PermissionTest.java:48)
at testcases.PermissionTest.setUp(PermissionTest.java:48)
at testcases.PermissionTest.setUp(PermissionTest.java:48)
at testcases.PermissionTest.setUp(PermissionTest.java:48)
at testcases.PermissionTest.setUp(PermissionTest.java:48)
at testcases.PermissionTest.setUp(PermissionTest.java:48)
at testcases.PermissionTest.setUp(PermissionTest.java:48)
at testcases.PermissionTest.setUp(PermissionTest.java:48)
at testcases.PermissionTest.setUp(PermissionTest.java:48)
at testcases.PermissionTest.setUp(PermissionTest.java:48)
at testcases.PermissionTest.setUp(PermissionTest.java:48)
at testcases.PermissionTest.setUp(PermissionTest.java:48)
at testcases.PermissionTest.setUp(PermissionTest.java:48)
at testcases.PermissionTest.setUp(PermissionTest.java:48)
at testcases.PermissionTest.setUp(PermissionTest.java:48)
at testcases.PermissionTest.setUp(PermissionTest.java:48)
at testcases.PermissionTest.setUp(PermissionTest.java:48)
at testcases.PermissionTest.setUp(PermissionTest.java:48)
at testcases.PermissionTest.setUp(PermissionTest.java:48)
at testcases.PermissionTest.setUp(PermissionTest.java:48)
at testcases.PermissionTest.setUp(PermissionTest.java:48)
at testcases.PermissionTest.setUp(PermissionTest.java:48)
at testcases.PermissionTest.setUp(PermissionTest.java:48)
at testcases.PermissionTest.setUp(PermissionTest.java:48)
at testcases.PermissionTest.setUp(PermissionTest.java:48)
at testcases.PermissionTest.setUp(PermissionTest.java:48)
at testcases.PermissionTest.setUp(PermissionTest.java:48)
at testcases.PermissionTest.setUp(PermissionTest.java:48)
at testcases.PermissionTest.setUp(PermissionTest.java:48)
at testcases.PermissionTest.setUp(PermissionTest.java:48)
at testcases.PermissionTest.setUp(PermissionTest.java:48)
at testcases.PermissionTest.setUp(PermissionTest.java:48)
at testcases.PermissionTest.setUp(PermissionTest.java:48)
at testcases.PermissionTest.setUp(PermissionTest.java:48)
at testcases.PermissionTest.setUp(PermissionTest.java:48)
at testcases.PermissionTest.setUp(PermissionTest.java:48)
at testcases.PermissionTest.setUp(PermissionTest.java:48)
at testcases.PermissionTest.setUp(PermissionTest.java:48)
at testcases.PermissionTest.setUp(PermissionTest.java:48)
at testcases.PermissionTest.setUp(PermissionTest.java:48)
at testcases.PermissionTest.setUp(PermissionTest.java:48)
at testcases.PermissionTest.setUp(PermissionTest.java:48)
at testcases.PermissionTest.setUp(PermissionTest.java:48)
at testcases.PermissionTest.setUp(PermissionTest.java:48)
at testcases.PermissionTest.setUp(PermissionTest.java:48)
at testcases.PermissionTest.setUp(PermissionTest.java:48)
at testcases.PermissionTest.setUp(PermissionTest.java:48)
at testcases.PermissionTest.setUp(PermissionTest.java:48)
at testcases.PermissionTest.setUp(PermissionTest.java:48)
at testcases.PermissionTest.setUp(PermissionTest.java:48)
at testcases.PermissionTest.setUp(PermissionTest.java:48)
at testcases.PermissionTest.setUp(PermissionTest.java:48)
at testcases.PermissionTest.setUp(PermissionTest.java:48)
at testcases.PermissionTest.setUp(PermissionTest.java:48)
at testcases.PermissionTest.setUp(PermissionTest.java:48)
at testcases.PermissionTest.setUp(PermissionTest.java:48)
at testcases.PermissionTest.setUp(PermissionTest.java:48)
at testcases.PermissionTest.setUp(PermissionTest.java:48)
at testcases.PermissionTest.setUp(PermissionTest.java:48)
at testcases.PermissionTest.setUp(PermissionTest.java:48)
at testcases.PermissionTest.setUp(PermissionTest.java:48)
at testcases.PermissionTest.setUp(PermissionTest.java:48)
at testcases.PermissionTest.setUp(PermissionTest.java:48)
at testcases.PermissionTest.setUp(PermissionTest.java:48)
at testcases.PermissionTest.setUp(PermissionTest.java:48)
at testcases.PermissionTest.setUp(PermissionTest.java:48)
at testcases.PermissionTest.setUp(PermissionTest.java:48)
at testcases.PermissionTest.setUp(PermissionTest.java:48)
at testcases.PermissionTest.setUp(PermissionTest.java:48)
at testcases.PermissionTest.setUp(PermissionTest.java:48)
at testcases.PermissionTest.setUp(PermissionTest.java:48)
at testcases.PermissionTest.setUp(PermissionTest.java:48)
at testcases.PermissionTest.setUp(PermissionTest.java:48)
at testcases.PermissionTest.setUp(PermissionTest.java:48)
at testcases.PermissionTest.setUp(PermissionTest.java:48)
at testcases.PermissionTest.setUp(PermissionTest.java:48)
at testcases.PermissionTest.setUp(PermissionTest.java:48)
at testcases.PermissionTest.setUp(PermissionTest.java:48)
at testcases.PermissionTest.setUp(PermissionTest.java:48)
at testcases.PermissionTest.setUp(PermissionTest.java:48)
at testcases.PermissionTest.setUp(PermissionTest.java:48)
at testcases.PermissionTest.setUp(PermissionTest.java:48)
at testcases.PermissionTest.setUp(PermissionTest.java:48)
at testcases.PermissionTest.setUp(PermissionTest.java:48)
at testcases.PermissionTest.setUp(PermissionTest.java:48)
at testcases.PermissionTest.setUp(PermissionTest.java:48)
at testcases.PermissionTest.setUp(PermissionTest.java:48)
at testcases.PermissionTest.setUp(PermissionTest.java:48)
at testcases.PermissionTest.setUp(PermissionTest.java:48)
at testcases.PermissionTest.setUp(PermissionTest.java:48)
at testcases.PermissionTest.setUp(PermissionTest.java:48)
at testcases.PermissionTest.setUp(PermissionTest.java:48)
at testcases.PermissionTest.setUp(PermissionTest.java:48)
at testcases.PermissionTest.setUp(PermissionTest.java:48)
at testcases.PermissionTest.setUp(PermissionTest.java:48)
at testcases.PermissionTest.setUp(PermissionTest.java:48)
at testcases.PermissionTest.setUp(PermissionTest.java:48)
at testcases.PermissionTest.setUp(PermissionTest.java:48)
at testcases.PermissionTest.setUp(PermissionTest.java:48)
at testcases.PermissionTest.setUp(PermissionTest.java:48)
at testcases.PermissionTest.setUp(PermissionTest.java:48)
at testcases.PermissionTest.setUp(PermissionTest.java:48)
at testcases.PermissionTest.setUp(PermissionTest.java:48)
at testcases.PermissionTest.setUp(PermissionTest.java:48)
at testcases.PermissionTest.setUp(PermissionTest.java:48)
at testcases.PermissionTest.setUp(PermissionTest.java:48)
at testcases.PermissionTest.setUp(PermissionTest.java:48)
at testcases.PermissionTest.setUp(PermissionTest.java:48)
at testcases.PermissionTest.setUp(PermissionTest.java:48)
at testcases.PermissionTest.setUp(PermissionTest.java:48)
at testcases.PermissionTest.setUp(PermissionTest.java:48)
at testcases.PermissionTest.setUp(PermissionTest.java:48)
at testcases.PermissionTest.setUp(PermissionTest.java:48)
at testcases.PermissionTest.setUp(PermissionTest.java:48)
at testcases.PermissionTest.setUp(PermissionTest.java:48)
at testcases.PermissionTest.setUp(PermissionTest.java:48)
at testcases.PermissionTest.setUp(PermissionTest.java:48)
at testcases.PermissionTest.setUp(PermissionTest.java:48)
at testcases.PermissionTest.setUp(PermissionTest.java:48)
at testcases.PermissionTest.setUp(PermissionTest.java:48)
at testcases.PermissionTest.setUp(PermissionTest.java:48)
at testcases.PermissionTest.setUp(PermissionTest.java:48)
at testcases.PermissionTest.setUp(PermissionTest.java:48)
at testcases.PermissionTest.setUp(PermissionTest.java:48)
at testcases.PermissionTest.setUp(PermissionTest.java:48)
at testcases.PermissionTest.setUp(PermissionTest.java:48)
at testcases.PermissionTest.setUp(PermissionTest.java:48)
at testcases.PermissionTest.setUp(PermissionTest.java:48)
at testcases.PermissionTest.setUp(PermissionTest.java:48)
at testcases.PermissionTest.setUp(PermissionTest.java:48)
at testcases.PermissionTest.setUp(PermissionTest.java:48)
at testcases.PermissionTest.setUp(PermissionTest.java:48)
at testcases.PermissionTest.setUp(PermissionTest.java:48)
at testcases.PermissionTest.setUp(PermissionTest.java:48)
at testcases.PermissionTest.setUp(PermissionTest.java:48)
at testcases.PermissionTest.setUp(PermissionTest.java:48)
at testcases.PermissionTest.setUp(PermissionTest.java:48)
at testcases.PermissionTest.setUp(PermissionTest.java:48)
at testcases.PermissionTest.setUp(PermissionTest.java:48)
at testcases.PermissionTest.setUp(PermissionTest.java:48)
at testcases.PermissionTest.setUp(PermissionTest.java:48)
at testcases.PermissionTest.setUp(PermissionTest.java:48)
at testcases.PermissionTest.setUp(PermissionTest.java:48)
at testcases.PermissionTest.setUp(PermissionTest.java:48)
at testcases.PermissionTest.setUp(PermissionTest.java:48)
at testcases.PermissionTest.setUp(PermissionTest.java:48)
at testcases.PermissionTest.setUp(PermissionTest.java:48)
at testcases.PermissionTest.setUp(PermissionTest.java:48)
at testcases.PermissionTest.setUp(PermissionTest.java:48)
at testcases.PermissionTest.setUp(PermissionTest.java:48)
at testcases.PermissionTest.setUp(PermissionTest.java:48)
at testcases.PermissionTest.setUp(PermissionTest.java:48)
at testcases.PermissionTest.setUp(PermissionTest.java:48)
at testcases.PermissionTest.setUp(PermissionTest.java:48)
at testcases.PermissionTest.setUp(PermissionTest.java:48)
at testcases.PermissionTest.setUp(PermissionTest.java:48)
at testcases.PermissionTest.setUp(PermissionTest.java:48)
at testcases.PermissionTest.setUp(PermissionTest.java:48)
at testcases.PermissionTest.setUp(PermissionTest.java:48)
at testcases.PermissionTest.setUp(PermissionTest.java:48)
at testcases.PermissionTest.setUp(PermissionTest.java:48)
at testcases.PermissionTest.setUp(PermissionTest.java:48)
at testcases.PermissionTest.setUp(PermissionTest.java:48)
at testcases.PermissionTest.setUp(PermissionTest.java:48)
at testcases.PermissionTest.setUp(PermissionTest.java:48)
at testcases.PermissionTest.setUp(PermissionTest.java:48)
at testcases.PermissionTest.setUp(PermissionTest.java:48)
at testcases.PermissionTest.setUp(PermissionTest.java:48)
at testcases.PermissionTest.setUp(PermissionTest.java:48)
at testcases.PermissionTest.setUp(PermissionTest.java:48)
at testcases.PermissionTest.setUp(PermissionTest.java:48)
at testcases.PermissionTest.setUp(PermissionTest.java:48)
at testcases.PermissionTest.setUp(PermissionTest.java:48)
at testcases.PermissionTest.setUp(PermissionTest.java:48)
at testcases.PermissionTest.setUp(PermissionTest.java:48)
at testcases.PermissionTest.setUp(PermissionTest.java:48)
at testcases.PermissionTest.setUp(PermissionTest.java:48)
at testcases.PermissionTest.setUp(PermissionTest.java:48)
at testcases.PermissionTest.setUp(PermissionTest.java:48)
at testcases.PermissionTest.setUp(PermissionTest.java:48)
at testcases.PermissionTest.setUp(PermissionTest.java:48)
at testcases.PermissionTest.setUp(PermissionTest.java:48)
at testcases.PermissionTest.setUp(PermissionTest.java:48)
at testcases.PermissionTest.setUp(PermissionTest.java:48)
at testcases.PermissionTest.setUp(PermissionTest.java:48)
at testcases.PermissionTest.setUp(PermissionTest.java:48)
at testcases.PermissionTest.setUp(PermissionTest.java:48)
at testcases.PermissionTest.setUp(PermissionTest.java:48)
at testcases.PermissionTest.setUp(PermissionTest.java:48)
at testcases.PermissionTest.setUp(PermissionTest.java:48)
at testcases.PermissionTest.setUp(PermissionTest.java:48)
at testcases.PermissionTest.setUp(PermissionTest.java:48)
at testcases.PermissionTest.setUp(PermissionTest.java:48)
at testcases.PermissionTest.setUp(PermissionTest.java:48)
at testcases.PermissionTest.setUp(PermissionTest.java:48)
at testcases.PermissionTest.setUp(PermissionTest.java:48)
at testcases.PermissionTest.setUp(PermissionTest.java:48)
at testcases.PermissionTest.setUp(PermissionTest.java:48)
at testcases.PermissionTest.setUp(PermissionTest.java:48)
at testcases.PermissionTest.setUp(PermissionTest.java:48)
at testcases.PermissionTest.setUp(PermissionTest.java:48)
at testcases.PermissionTest.setUp(PermissionTest.java:48)
at testcases.PermissionTest.setUp(PermissionTest.java:48)
at testcases.PermissionTest.setUp(PermissionTest.java:48)
at testcases.PermissionTest.setUp(PermissionTest.java:48)
at testcases.PermissionTest.setUp(PermissionTest.java:48)
at testcases.PermissionTest.setUp(PermissionTest.java:48)
at testcases.PermissionTest.setUp(PermissionTest.java:48)
at testcases.PermissionTest.setUp(PermissionTest.java:48)
at testcases.PermissionTest.setUp(PermissionTest.java:48)
at testcases.PermissionTest.setUp(PermissionTest.java:48)
at testcases.PermissionTest.setUp(PermissionTest.java:48)
at testcases.PermissionTest.setUp(PermissionTest.java:48)
at testcases.PermissionTest.setUp(PermissionTest.java:48)
at testcases.PermissionTest.setUp(PermissionTest.java:48)
at testcases.PermissionTest.setUp(PermissionTest.java:48)
at testcases.PermissionTest.setUp(PermissionTest.java:48)
at testcases.PermissionTest.setUp(PermissionTest.java:48)
at testcases.PermissionTest.setUp(PermissionTest.java:48)
at testcases.PermissionTest.setUp(PermissionTest.java:48)
at testcases.PermissionTest.setUp(PermissionTest.java:48)
at testcases.PermissionTest.setUp(PermissionTest.java:48)
at testcases.PermissionTest.setUp(PermissionTest.java:48)
at testcases.PermissionTest.setUp(PermissionTest.java:48)
at testcases.PermissionTest.setUp(PermissionTest.java:48)
at testcases.PermissionTest.setUp(PermissionTest.java:48)
at testcases.PermissionTest.setUp(PermissionTest.java:48)
at testcases.PermissionTest.setUp(PermissionTest.java:48)
at testcases.PermissionTest.setUp(PermissionTest.java:48)
at testcases.PermissionTest.setUp(PermissionTest.java:48)
at testcases.PermissionTest.setUp(PermissionTest.java:48)
at testcases.PermissionTest.setUp(PermissionTest.java:48)
at testcases.PermissionTest.setUp(PermissionTest.java:48)
at testcases.PermissionTest.setUp(PermissionTest.java:48)
at testcases.PermissionTest.setUp(PermissionTest.java:48)
at testcases.PermissionTest.setUp(PermissionTest.java:48)
at testcases.PermissionTest.setUp(PermissionTest.java:48)
at testcases.PermissionTest.setUp(PermissionTest.java:48)
at testcases.PermissionTest.setUp(PermissionTest.java:48)
at testcases.PermissionTest.setUp(PermissionTest.java:48)
at testcases.PermissionTest.setUp(PermissionTest.java:48)
at testcases.PermissionTest.setUp(PermissionTest.java:48)
at testcases.PermissionTest.setUp(PermissionTest.java:48)
at testcases.PermissionTest.setUp(PermissionTest.java:48)
at testcases.PermissionTest.setUp(PermissionTest.java:48)
at testcases.PermissionTest.setUp(PermissionTest.java:48)
at testcases.PermissionTest.setUp(PermissionTest.java:48)
at testcases.PermissionTest.setUp(PermissionTest.java:48)
at testcases.PermissionTest.setUp(PermissionTest.java:48)
at testcases.PermissionTest.setUp(PermissionTest.java:48)
at testcases.PermissionTest.setUp(PermissionTest.java:48)
at testcases.PermissionTest.setUp(PermissionTest.java:48)
at testcases.PermissionTest.setUp(PermissionTest.java:48)
at testcases.PermissionTest.setUp(PermissionTest.java:48)
at testcases.PermissionTest.setUp(PermissionTest.java:48)
at testcases.PermissionTest.setUp(PermissionTest.java:48)
at testcases.PermissionTest.setUp(PermissionTest.java:48)
at testcases.PermissionTest.setUp(PermissionTest.java:48)
at testcases.PermissionTest.setUp(PermissionTest.java:48)
at testcases.PermissionTest.setUp(PermissionTest.java:48)
at testcases.PermissionTest.setUp(PermissionTest.java:48)
at testcases.PermissionTest.setUp(PermissionTest.java:48)
at testcases.PermissionTest.setUp(PermissionTest.java:48)
at testcases.PermissionTest.setUp(PermissionTest.java:48)
at testcases.PermissionTest.setUp(PermissionTest.java:48)
at testcases.PermissionTest.setUp(PermissionTest.java:48)
at testcases.PermissionTest.setUp(PermissionTest.java:48)
at testcases.PermissionTest.setUp(PermissionTest.java:48)
at testcases.PermissionTest.setUp(PermissionTest.java:48)
at testcases.PermissionTest.setUp(PermissionTest.java:48)
at testcases.PermissionTest.setUp(PermissionTest.java:48)
at testcases.PermissionTest.setUp(PermissionTest.java:48)
at testcases.PermissionTest.setUp(PermissionTest.java:48)
at testcases.PermissionTest.setUp(PermissionTest.java:48)
at testcases.PermissionTest.setUp(PermissionTest.java:48)
at testcases.PermissionTest.setUp(PermissionTest.java:48)
at testcases.PermissionTest.setUp(PermissionTest.java:48)
at testcases.PermissionTest.setUp(PermissionTest.java:48)
at testcases.PermissionTest.setUp(PermissionTest.java:48)
at testcases.PermissionTest.setUp(PermissionTest.java:48)
at testcases.PermissionTest.setUp(PermissionTest.java:48)
at testcases.PermissionTest.setUp(PermissionTest.java:48)
at testcases.PermissionTest.setUp(PermissionTest.java:48)
at testcases.PermissionTest.setUp(PermissionTest.java:48)
at testcases.PermissionTest.setUp(PermissionTest.java:48)
at testcases.PermissionTest.setUp(PermissionTest.java:48)
at testcases.PermissionTest.setUp(PermissionTest.java:48)
at testcases.PermissionTest.setUp(PermissionTest.java:48)
at testcases.PermissionTest.setUp(PermissionTest.java:48)
at testcases.PermissionTest.setUp(PermissionTest.java:48)
at testcases.PermissionTest.setUp(PermissionTest.java:48)
at testcases.PermissionTest.setUp(PermissionTest.java:48)
at testcases.PermissionTest.setUp(PermissionTest.java:48)
at testcases.PermissionTest.setUp(PermissionTest.java:48)
at testcases.PermissionTest.setUp(PermissionTest.java:48)
at testcases.PermissionTest.setUp(PermissionTest.java:48)
at testcases.PermissionTest.setUp(PermissionTest.java:48)
at testcases.PermissionTest.setUp(PermissionTest.java:48)
at testcases.PermissionTest.setUp(PermissionTest.java:48)
at testcases.PermissionTest.setUp(PermissionTest.java:48)
at testcases.PermissionTest.setUp(PermissionTest.java:48)
at testcases.PermissionTest.setUp(PermissionTest.java:48)
at testcases.PermissionTest.setUp(PermissionTest.java:48)
at testcases.PermissionTest.setUp(PermissionTest.java:48)
at testcases.PermissionTest.setUp(PermissionTest.java:48)
at testcases.PermissionTest.setUp(PermissionTest.java:48)
at testcases.PermissionTest.setUp(PermissionTest.java:48)
at testcases.PermissionTest.setUp(PermissionTest.java:48)
at testcases.PermissionTest.setUp(PermissionTest.java:48)
at testcases.PermissionTest.setUp(PermissionTest.java:48)
at testcases.PermissionTest.setUp(PermissionTest.java:48)
at testcases.PermissionTest.setUp(PermissionTest.java:48)
at testcases.PermissionTest.setUp(PermissionTest.java:48)
at testcases.PermissionTest.setUp(PermissionTest.java:48)
at testcases.PermissionTest.setUp(PermissionTest.java:48)
at testcases.PermissionTest.setUp(PermissionTest.java:48)
at testcases.PermissionTest.setUp(PermissionTest.java:48)
at testcases.PermissionTest.setUp(PermissionTest.java:48)
at testcases.PermissionTest.setUp(PermissionTest.java:48)
at testcases.PermissionTest.setUp(PermissionTest.java:48)
at testcases.PermissionTest.setUp(PermissionTest.java:48)
at testcases.PermissionTest.setUp(PermissionTest.java:48)
at testcases.PermissionTest.setUp(PermissionTest.java:48)
at testcases.PermissionTest.setUp(PermissionTest.java:48)
at testcases.PermissionTest.setUp(PermissionTest.java:48)
at testcases.PermissionTest.setUp(PermissionTest.java:48)
at testcases.PermissionTest.setUp(PermissionTest.java:48)
at testcases.PermissionTest.setUp(PermissionTest.java:48)
at testcases.PermissionTest.setUp(PermissionTest.java:48)
at testcases.PermissionTest.setUp(PermissionTest.java:48)
at testcases.PermissionTest.setUp(PermissionTest.java:48)
at testcases.PermissionTest.setUp(PermissionTest.java:48)
at testcases.PermissionTest.setUp(PermissionTest.java:48)
at testcases.PermissionTest.setUp(PermissionTest.java:48)
at testcases.PermissionTest.setUp(PermissionTest.java:48)
at testcases.PermissionTest.setUp(PermissionTest.java:48)
at testcases.PermissionTest.setUp(PermissionTest.java:48)
at testcases.PermissionTest.setUp(PermissionTest.java:48)
at testcases.PermissionTest.setUp(PermissionTest.java:48)
at testcases.PermissionTest.setUp(PermissionTest.java:48)
at testcases.PermissionTest.setUp(PermissionTest.java:48)
at testcases.PermissionTest.setUp(PermissionTest.java:48)
at testcases.PermissionTest.setUp(PermissionTest.java:48)
at testcases.PermissionTest.setUp(PermissionTest.java:48)
at testcases.PermissionTest.setUp(PermissionTest.java:48)
at testcases.PermissionTest.setUp(PermissionTest.java:48)
at testcases.PermissionTest.setUp(PermissionTest.java:48)
at testcases.PermissionTest.setUp(PermissionTest.java:48)
at testcases.PermissionTest.setUp(PermissionTest.java:48)
at testcases.PermissionTest.setUp(PermissionTest.java:48)
at testcases.PermissionTest.setUp(PermissionTest.java:48)
at testcases.PermissionTest.setUp(PermissionTest.java:48)
at testcases.PermissionTest.setUp(PermissionTest.java:48)
at testcases.PermissionTest.setUp(PermissionTest.java:48)
at testcases.PermissionTest.setUp(PermissionTest.java:48)
at testcases.PermissionTest.setUp(PermissionTest.java:48)
at testcases.PermissionTest.setUp(PermissionTest.java:48)
at testcases.PermissionTest.setUp(PermissionTest.java:48)
at testcases.PermissionTest.setUp(PermissionTest.java:48)
at testcases.PermissionTest.setUp(PermissionTest.java:48)
at testcases.PermissionTest.setUp(PermissionTest.java:48)
at testcases.PermissionTest.setUp(PermissionTest.java:48)
at testcases.PermissionTest.setUp(PermissionTest.java:48)
at testcases.PermissionTest.setUp(PermissionTest.java:48)
at testcases.PermissionTest.setUp(PermissionTest.java:48)
at testcases.PermissionTest.setUp(PermissionTest.java:48)
at testcases.PermissionTest.setUp(PermissionTest.java:48)
at testcases.PermissionTest.setUp(PermissionTest.java:48)
at testcases.PermissionTest.setUp(PermissionTest.java:48)
at testcases.PermissionTest.setUp(PermissionTest.java:48)
at testcases.PermissionTest.setUp(PermissionTest.java:48)
at testcases.PermissionTest.setUp(PermissionTest.java:48)
at testcases.PermissionTest.setUp(PermissionTest.java:48)
at testcases.PermissionTest.setUp(PermissionTest.java:48)
at testcases.PermissionTest.setUp(PermissionTest.java:48)
at testcases.PermissionTest.setUp(PermissionTest.java:48)
at testcases.PermissionTest.setUp(PermissionTest.java:48)
at testcases.PermissionTest.setUp(PermissionTest.java:48)
at testcases.PermissionTest.setUp(PermissionTest.java:48)
at testcases.PermissionTest.setUp(PermissionTest.java:48)
at testcases.PermissionTest.setUp(PermissionTest.java:48)
at testcases.PermissionTest.setUp(PermissionTest.java:48)
at testcases.PermissionTest.setUp(PermissionTest.java:48)
at testcases.PermissionTest.setUp(PermissionTest.java:48)
at testcases.PermissionTest.setUp(PermissionTest.java:48)
at testcases.PermissionTest.setUp(PermissionTest.java:48)
at testcases.PermissionTest.setUp(PermissionTest.java:48)
at testcases.PermissionTest.setUp(PermissionTest.java:48)
at testcases.PermissionTest.setUp(PermissionTest.java:48)
at testcases.PermissionTest.setUp(PermissionTest.java:48)
at testcases.PermissionTest.setUp(PermissionTest.java:48)
at testcases.PermissionTest.setUp(PermissionTest.java:48)
at testcases.PermissionTest.setUp(PermissionTest.java:48)
at testcases.PermissionTest.setUp(PermissionTest.java:48)
at testcases.PermissionTest.setUp(PermissionTest.java:48)
at testcases.PermissionTest.setUp(PermissionTest.java:48)
at testcases.PermissionTest.setUp(PermissionTest.java:48)
at testcases.PermissionTest.setUp(PermissionTest.java:48)
at testcases.PermissionTest.setUp(PermissionTest.java:48)
at testcases.PermissionTest.setUp(PermissionTest.java:48)
at testcases.PermissionTest.setUp(PermissionTest.java:48)
at testcases.PermissionTest.setUp(PermissionTest.java:48)
at testcases.PermissionTest.setUp(PermissionTest.java:48)
at testcases.PermissionTest.setUp(PermissionTest.java:48)
at testcases.PermissionTest.setUp(PermissionTest.java:48)
at testcases.PermissionTest.setUp(PermissionTest.java:48)
at testcases.PermissionTest.setUp(PermissionTest.java:48)
at testcases.PermissionTest.setUp(PermissionTest.java:48)
at testcases.PermissionTest.setUp(PermissionTest.java:48)
at testcases.PermissionTest.setUp(PermissionTest.java:48)
at testcases.PermissionTest.setUp(PermissionTest.java:48)
at testcases.PermissionTest.setUp(PermissionTest.java:48)
at testcases.PermissionTest.setUp(PermissionTest.java:48)
at testcases.PermissionTest.setUp(PermissionTest.java:48)
at testcases.PermissionTest.setUp(PermissionTest.java:48)
at testcases.PermissionTest.setUp(PermissionTest.java:48)
at testcases.PermissionTest.setUp(PermissionTest.java:48)
at testcases.PermissionTest.setUp(PermissionTest.java:48)
at testcases.PermissionTest.setUp(PermissionTest.java:48)
at testcases.PermissionTest.setUp(PermissionTest.java:48)
at testcases.PermissionTest.setUp(PermissionTest.java:48)
at testcases.PermissionTest.setUp(PermissionTest.java:48)
at testcases.PermissionTest.setUp(PermissionTest.java:48)
at testcases.PermissionTest.setUp(PermissionTest.java:48)
at testcases.PermissionTest.setUp(PermissionTest.java:48)
at testcases.PermissionTest.setUp(PermissionTest.java:48)
at testcases.PermissionTest.setUp(PermissionTest.java:48)
at testcases.PermissionTest.setUp(PermissionTest.java:48)
at testcases.PermissionTest.setUp(PermissionTest.java:48)
at testcases.PermissionTest.setUp(PermissionTest.java:48)
at testcases.PermissionTest.setUp(PermissionTest.java:48)
at testcases.PermissionTest.setUp(PermissionTest.java:48)
at testcases.PermissionTest.setUp(PermissionTest.java:48)
at testcases.PermissionTest.setUp(PermissionTest.java:48)
at testcases.PermissionTest.setUp(PermissionTest.java:48)
at testcases.PermissionTest.setUp(PermissionTest.java:48)
at testcases.PermissionTest.setUp(PermissionTest.java:48)
at testcases.PermissionTest.setUp(PermissionTest.java:48)
at testcases.PermissionTest.setUp(PermissionTest.java:48)
at testcases.PermissionTest.setUp(PermissionTest.java:48)
at testcases.PermissionTest.setUp(PermissionTest.java:48)
at testcases.PermissionTest.setUp(PermissionTest.java:48)
at testcases.PermissionTest.setUp(PermissionTest.java:48)
at testcases.PermissionTest.setUp(PermissionTest.java:48)
at testcases.PermissionTest.setUp(PermissionTest.java:48)
at testcases.PermissionTest.setUp(PermissionTest.java:48)
at testcases.PermissionTest.setUp(PermissionTest.java:48)
at testcases.PermissionTest.setUp(PermissionTest.java:48)
at testcases.PermissionTest.setUp(PermissionTest.java:48)
at testcases.PermissionTest.setUp(PermissionTest.java:48)
at testcases.PermissionTest.setUp(PermissionTest.java:48)
at testcases.PermissionTest.setUp(PermissionTest.java:48)
at testcases.PermissionTest.setUp(PermissionTest.java:48)
at testcases.PermissionTest.setUp(PermissionTest.java:48)
at testcases.PermissionTest.setUp(PermissionTest.java:48)
at testcases.PermissionTest.setUp(PermissionTest.java:48)
at testcases.PermissionTest.setUp(PermissionTest.java:48)
at testcases.PermissionTest.setUp(PermissionTest.java:48)
at testcases.PermissionTest.setUp(PermissionTest.java:48)
at testcases.PermissionTest.setUp(PermissionTest.java:48)
at testcases.PermissionTest.setUp(PermissionTest.java:48)
at testcases.PermissionTest.setUp(PermissionTest.java:48)
at testcases.PermissionTest.setUp(PermissionTest.java:48)
at testcases.PermissionTest.setUp(PermissionTest.java:48)
at testcases.PermissionTest.setUp(PermissionTest.java:48)
at testcases.PermissionTest.setUp(PermissionTest.java:48)
at testcases.PermissionTest.setUp(PermissionTest.java:48)
at testcases.PermissionTest.setUp(PermissionTest.java:48)
at testcases.PermissionTest.setUp(PermissionTest.java:48)
at testcases.PermissionTest.setUp(PermissionTest.java:48)
at testcases.PermissionTest.setUp(PermissionTest.java:48)
at testcases.PermissionTest.setUp(PermissionTest.java:48)
at testcases.PermissionTest.setUp(PermissionTest.java:48)
at testcases.PermissionTest.setUp(PermissionTest.java:48)
at testcases.PermissionTest.setUp(PermissionTest.java:48)
at testcases.PermissionTest.setUp(PermissionTest.java:48)
at testcases.PermissionTest.setUp(PermissionTest.java:48)
at testcases.PermissionTest.setUp(PermissionTest.java:48)
at testcases.PermissionTest.setUp(PermissionTest.java:48)
at testcases.PermissionTest.setUp(PermissionTest.java:48)
at testcases.PermissionTest.setUp(PermissionTest.java:48)
at testcases.PermissionTest.setUp(PermissionTest.java:48)
at testcases.PermissionTest.setUp(PermissionTest.java:48)
at testcases.PermissionTest.setUp(PermissionTest.java:48)
at testcases.PermissionTest.setUp(PermissionTest.java:48)
at testcases.PermissionTest.setUp(PermissionTest.java:48)
at testcases.PermissionTest.setUp(PermissionTest.java:48)
at testcases.PermissionTest.setUp(PermissionTest.java:48)
at testcases.PermissionTest.setUp(PermissionTest.java:48)
at testcases.PermissionTest.setUp(PermissionTest.java:48)
at testcases.PermissionTest.setUp(PermissionTest.java:48)
at testcases.PermissionTest.setUp(PermissionTest.java:48)
at testcases.PermissionTest.setUp(PermissionTest.java:48)
at testcases.PermissionTest.setUp(PermissionTest.java:48)
at testcases.PermissionTest.setUp(PermissionTest.java:48)
at testcases.PermissionTest.setUp(PermissionTest.java:48)
at testcases.PermissionTest.setUp(PermissionTest.java:48)
at testcases.PermissionTest.setUp(PermissionTest.java:48)
at testcases.PermissionTest.setUp(PermissionTest.java:48)
at testcases.PermissionTest.setUp(PermissionTest.java:48)
at testcases.PermissionTest.setUp(PermissionTest.java:48)
at testcases.PermissionTest.setUp(PermissionTest.java:48)
at testcases.PermissionTest.setUp(PermissionTest.java:48)
at testcases.PermissionTest.setUp(PermissionTest.java:48)
at testcases.PermissionTest.setUp(PermissionTest.java:48)
at testcases.PermissionTest.setUp(PermissionTest.java:48)
at testcases.PermissionTest.setUp(PermissionTest.java:48)
at testcases.PermissionTest.setUp(PermissionTest.java:48)
at testcases.PermissionTest.setUp(PermissionTest.java:48)
at testcases.PermissionTest.setUp(PermissionTest.java:48)
at testcases.PermissionTest.setUp(PermissionTest.java:48)
at testcases.PermissionTest.setUp(PermissionTest.java:48)
at testcases.PermissionTest.setUp(PermissionTest.java:48)
at testcases.PermissionTest.setUp(PermissionTest.java:48)
at testcases.PermissionTest.setUp(PermissionTest.java:48)
at testcases.PermissionTest.setUp(PermissionTest.java:48)
at testcases.PermissionTest.setUp(PermissionTest.java:48)
at testcases.PermissionTest.setUp(PermissionTest.java:48)
at testcases.PermissionTest.setUp(PermissionTest.java:48)
at testcases.PermissionTest.setUp(PermissionTest.java:48)
at testcases.PermissionTest.setUp(PermissionTest.java:48)
at testcases.PermissionTest.setUp(PermissionTest.java:48)
at testcases.PermissionTest.setUp(PermissionTest.java:48)
at testcases.PermissionTest.setUp(PermissionTest.java:48)
at testcases.PermissionTest.setUp(PermissionTest.java:48)
at testcases.PermissionTest.setUp(PermissionTest.java:48)
at testcases.PermissionTest.setUp(PermissionTest.java:48)
at testcases.PermissionTest.setUp(PermissionTest.java:48)
at testcases.PermissionTest.setUp(PermissionTest.java:48)
at testcases.PermissionTest.setUp(PermissionTest.java:48)
at testcases.PermissionTest.setUp(PermissionTest.java:48)
at testcases.PermissionTest.setUp(PermissionTest.java:48)
at testcases.PermissionTest.setUp(PermissionTest.java:48)
at testcases.PermissionTest.setUp(PermissionTest.java:48)
at testcases.PermissionTest.setUp(PermissionTest.java:48)
at testcases.PermissionTest.setUp(PermissionTest.java:48)
at testcases.PermissionTest.setUp(PermissionTest.java:48)
at testcases.PermissionTest.setUp(PermissionTest.java:48)
at testcases.PermissionTest.setUp(PermissionTest.java:48)
at testcases.PermissionTest.setUp(PermissionTest.java:48)
at testcases.PermissionTest.setUp(PermissionTest.java:48)
at testcases.PermissionTest.setUp(PermissionTest.java:48)
at testcases.PermissionTest.setUp(PermissionTest.java:48)
at testcases.PermissionTest.setUp(PermissionTest.java:48)
at testcases.PermissionTest.setUp(PermissionTest.java:48)
at testcases.PermissionTest.setUp(PermissionTest.java:48)
at testcases.PermissionTest.setUp(PermissionTest.java:48)
at testcases.PermissionTest.setUp(PermissionTest.java:48)
at testcases.PermissionTest.setUp(PermissionTest.java:48)
at testcases.PermissionTest.setUp(PermissionTest.java:48)
at testcases.PermissionTest.setUp(PermissionTest.java:48)
at testcases.PermissionTest.setUp(PermissionTest.java:48)
at testcases.PermissionTest.setUp(PermissionTest.java:48)
at testcases.PermissionTest.setUp(PermissionTest.java:48)
at testcases.PermissionTest.setUp(PermissionTest.java:48)
at testcases.PermissionTest.setUp(PermissionTest.java:48)
at testcases.PermissionTest.setUp(PermissionTest.java:48)
at testcases.PermissionTest.setUp(PermissionTest.java:48)
at testcases.PermissionTest.setUp(PermissionTest.java:48)
at testcases.PermissionTest.setUp(PermissionTest.java:48)
at testcases.PermissionTest.setUp(PermissionTest.java:48)
at testcases.PermissionTest.setUp(PermissionTest.java:48)
at testcases.PermissionTest.setUp(PermissionTest.java:48)
at testcases.PermissionTest.setUp(PermissionTest.java:48)
at testcases.PermissionTest.setUp(PermissionTest.java:48)
at testcases.PermissionTest.setUp(PermissionTest.java:48)
at testcases.PermissionTest.setUp(PermissionTest.java:48)
at testcases.PermissionTest.setUp(PermissionTest.java:48)
at testcases.PermissionTest.setUp(PermissionTest.java:48)
at testcases.PermissionTest.setUp(PermissionTest.java:48)
at testcases.PermissionTest.setUp(PermissionTest.java:48)
at testcases.PermissionTest.setUp(PermissionTest.java:48)
at testcases.PermissionTest.setUp(PermissionTest.java:48)
at testcases.PermissionTest.setUp(PermissionTest.java:48)
at testcases.PermissionTest.setUp(PermissionTest.java:48)
at testcases.PermissionTest.setUp(PermissionTest.java:48)
at testcases.PermissionTest.setUp(PermissionTest.java:48)
at testcases.PermissionTest.setUp(PermissionTest.java:48)
at testcases.PermissionTest.setUp(PermissionTest.java:48)
at testcases.PermissionTest.setUp(PermissionTest.java:48)
at testcases.PermissionTest.setUp(PermissionTest.java:48)
at testcases.PermissionTest.setUp(PermissionTest.java:48)
at testcases.PermissionTest.setUp(PermissionTest.java:48)
at testcases.PermissionTest.setUp(PermissionTest.java:48)
at testcases.PermissionTest.setUp(PermissionTest.java:48)
at testcases.PermissionTest.setUp(PermissionTest.java:48)
at testcases.PermissionTest.setUp(PermissionTest.java:48)
at testcases.PermissionTest.setUp(PermissionTest.java:48)
at testcases.PermissionTest.setUp(PermissionTest.java:48)
at testcases.PermissionTest.setUp(PermissionTest.java:48)
at testcases.PermissionTest.setUp(PermissionTest.java:48)
at testcases.PermissionTest.setUp(PermissionTest.java:48)
at testcases.PermissionTest.setUp(PermissionTest.java:48)
at testcases.PermissionTest.setUp(PermissionTest.java:48)
at testcases.PermissionTest.setUp(PermissionTest.java:48)
at testcases.PermissionTest.setUp(PermissionTest.java:48)
at testcases.PermissionTest.setUp(PermissionTest.java:48)
at testcases.PermissionTest.setUp(PermissionTest.java:48)
at testcases.PermissionTest.setUp(PermissionTest.java:48)
at testcases.PermissionTest.setUp(PermissionTest.java:48)
at testcases.PermissionTest.setUp(PermissionTest.java:48)
at testcases.PermissionTest.setUp(PermissionTest.java:48)
at testcases.PermissionTest.setUp(PermissionTest.java:48)
at testcases.PermissionTest.setUp(PermissionTest.java:48)
at testcases.PermissionTest.setUp(PermissionTest.java:48)
at testcases.PermissionTest.setUp(PermissionTest.java:48)
at testcases.PermissionTest.setUp(PermissionTest.java:48)
at testcases.PermissionTest.setUp(PermissionTest.java:48)
at testcases.PermissionTest.setUp(PermissionTest.java:48)
at testcases.PermissionTest.setUp(PermissionTest.java:48)
at testcases.PermissionTest.setUp(PermissionTest.java:48)
at testcases.PermissionTest.setUp(PermissionTest.java:48)
at testcases.PermissionTest.setUp(PermissionTest.java:48)
at testcases.PermissionTest.setUp(PermissionTest.java:48)
at testcases.PermissionTest.setUp(PermissionTest.java:48)
at testcases.PermissionTest.setUp(PermissionTest.java:48)
at testcases.PermissionTest.setUp(PermissionTest.java:48)
at testcases.PermissionTest.setUp(PermissionTest.java:48)
at testcases.PermissionTest.setUp(PermissionTest.java:48)
at testcases.PermissionTest.setUp(PermissionTest.java:48)
at testcases.PermissionTest.setUp(PermissionTest.java:48)
at testcases.PermissionTest.setUp(PermissionTest.java:48)
at testcases.PermissionTest.setUp(PermissionTest.java:48)
at testcases.PermissionTest.setUp(PermissionTest.java:48)
at testcases.PermissionTest.setUp(PermissionTest.java:48)
at testcases.PermissionTest.setUp(PermissionTest.java:48)
at testcases.PermissionTest.setUp(PermissionTest.java:48)
at testcases.PermissionTest.setUp(PermissionTest.java:48)
at testcases.PermissionTest.setUp(PermissionTest.java:48)
at testcases.PermissionTest.setUp(PermissionTest.java:48)
at testcases.PermissionTest.setUp(PermissionTest.java:48)
at testcases.PermissionTest.setUp(PermissionTest.java:48)
at testcases.PermissionTest.setUp(PermissionTest.java:48)
at testcases.PermissionTest.setUp(PermissionTest.java:48)
at testcases.PermissionTest.setUp(PermissionTest.java:48)
at testcases.PermissionTest.setUp(PermissionTest.java:48)
at testcases.PermissionTest.setUp(PermissionTest.java:48)
at testcases.PermissionTest.setUp(PermissionTest.java:48)
at testcases.PermissionTest.setUp(PermissionTest.java:48)
at testcases.PermissionTest.setUp(PermissionTest.java:48)
at testcases.PermissionTest.setUp(PermissionTest.java:48)
at testcases.PermissionTest.setUp(PermissionTest.java:48)
at testcases.PermissionTest.setUp(PermissionTest.java:48)
at testcases.PermissionTest.setUp(PermissionTest.java:48)
at testcases.PermissionTest.setUp(PermissionTest.java:48)
at testcases.PermissionTest.setUp(PermissionTest.java:48)
at testcases.PermissionTest.setUp(PermissionTest.java:48)
at testcases.PermissionTest.setUp(PermissionTest.java:48)
at testcases.PermissionTest.setUp(PermissionTest.java:48)
at testcases.PermissionTest.setUp(PermissionTest.java:48)
at testcases.PermissionTest.setUp(PermissionTest.java:48)
at testcases.PermissionTest.setUp(PermissionTest.java:48)
at testcases.PermissionTest.setUp(PermissionTest.java:48)
at testcases.PermissionTest.setUp(PermissionTest.java:48)
at testcases.PermissionTest.setUp(PermissionTest.java:48)
at testcases.PermissionTest.setUp(PermissionTest.java:48)
at testcases.PermissionTest.setUp(PermissionTest.java:48)
at testcases.PermissionTest.setUp(PermissionTest.java:48)
at testcases.PermissionTest.setUp(PermissionTest.java:48)
at testcases.PermissionTest.setUp(PermissionTest.java:48)
at testcases.PermissionTest.setUp(PermissionTest.java:48)
at testcases.PermissionTest.setUp(PermissionTest.java:48)
at testcases.PermissionTest.setUp(PermissionTest.java:48)
at testcases.PermissionTest.setUp(PermissionTest.java:48)
at testcases.PermissionTest.setUp(PermissionTest.java:48)
at testcases.PermissionTest.setUp(PermissionTest.java:48)
at testcases.PermissionTest.setUp(PermissionTest.java:48)
at testcases.PermissionTest.setUp(PermissionTest.java:48)
at testcases.PermissionTest.setUp(PermissionTest.java:48)
at testcases.PermissionTest.setUp(PermissionTest.java:48)
at testcases.PermissionTest.setUp(PermissionTest.java:48)
at testcases.PermissionTest.setUp(PermissionTest.java:48)
at testcases.PermissionTest.setUp(PermissionTest.java:48)
at testcases.PermissionTest.setUp(PermissionTest.java:48)
at testcases.PermissionTest.setUp(PermissionTest.java:48)
at testcases.PermissionTest.setUp(PermissionTest.java:48)
at testcases.PermissionTest.setUp(PermissionTest.java:48)
at testcases.PermissionTest.setUp(PermissionTest.java:48)
at testcases.PermissionTest.setUp(PermissionTest.java:48)
at testcases.PermissionTest.setUp(PermissionTest.java:48)
at testcases.PermissionTest.setUp(PermissionTest.java:48)
at testcases.PermissionTest.setUp(PermissionTest.java:48)
at testcases.PermissionTest.setUp(PermissionTest.java:48)
at testcases.PermissionTest.setUp(PermissionTest.java:48)
at testcases.PermissionTest.setUp(PermissionTest.java:48)
at testcases.PermissionTest.setUp(PermissionTest.java:48)
at testcases.PermissionTest.setUp(PermissionTest.java:48)
at testcases.PermissionTest.setUp(PermissionTest.java:48)
at testcases.PermissionTest.setUp(PermissionTest.java:48)
at testcases.PermissionTest.setUp(PermissionTest.java:48)
at testcases.PermissionTest.setUp(PermissionTest.java:48)
at testcases.PermissionTest.setUp(PermissionTest.java:48)
at testcases.PermissionTest.setUp(PermissionTest.java:48)
at testcases.PermissionTest.setUp(PermissionTest.java:48)
at testcases.PermissionTest.setUp(PermissionTest.java:48)
at testcases.PermissionTest.setUp(PermissionTest.java:48)
at testcases.PermissionTest.setUp(PermissionTest.java:48)
at testcases.PermissionTest.setUp(PermissionTest.java:48)
at testcases.PermissionTest.setUp(PermissionTest.java:48)
at testcases.PermissionTest.setUp(PermissionTest.java:48)
at testcases.PermissionTest.setUp(PermissionTest.java:48)
at testcases.PermissionTest.setUp(PermissionTest.java:48)
at testcases.PermissionTest.setUp(PermissionTest.java:48)
at testcases.PermissionTest.setUp(PermissionTest.java:48)
at testcases.PermissionTest.setUp(PermissionTest.java:48)
at testcases.PermissionTest.setUp(PermissionTest.java:48)
at testcases.PermissionTest.setUp(PermissionTest.java:48)
at testcases.PermissionTest.setUp(PermissionTest.java:48)
at testcases.PermissionTest.setUp(PermissionTest.java:48)
at testcases.PermissionTest.setUp(PermissionTest.java:48)
at testcases.PermissionTest.setUp(PermissionTest.java:48)
at testcases.PermissionTest.setUp(PermissionTest.java:48)
at testcases.PermissionTest.setUp(PermissionTest.java:48)
at testcases.PermissionTest.setUp(PermissionTest.java:48)
at testcases.PermissionTest.setUp(PermissionTest.java:48)
at testcases.PermissionTest.setUp(PermissionTest.java:48)
at testcases.PermissionTest.setUp(PermissionTest.java:48)
at testcases.PermissionTest.setUp(PermissionTest.java:48)
at testcases.PermissionTest.setUp(PermissionTest.java:48)
at testcases.PermissionTest.setUp(PermissionTest.java:48)
at testcases.PermissionTest.setUp(PermissionTest.java:48)
at testcases.PermissionTest.setUp(PermissionTest.java:48)
at testcases.PermissionTest.setUp(PermissionTest.java:48)
at testcases.PermissionTest.setUp(PermissionTest.java:48)
at testcases.PermissionTest.setUp(PermissionTest.java:48)
at testcases.PermissionTest.setUp(PermissionTest.java:48)
at testcases.PermissionTest.setUp(PermissionTest.java:48)
at testcases.PermissionTest.setUp(PermissionTest.java:48)
at testcases.PermissionTest.setUp(PermissionTest.java:48)
at testcases.PermissionTest.setUp(PermissionTest.java:48)
at testcases.PermissionTest.setUp(PermissionTest.java:48)
at testcases.PermissionTest.setUp(PermissionTest.java:48)
at testcases.PermissionTest.setUp(PermissionTest.java:48)
at testcases.PermissionTest.setUp(PermissionTest.java:48)
at testcases.PermissionTest.setUp(PermissionTest.java:48)
at testcases.PermissionTest.setUp(PermissionTest.java:48)
at testcases.PermissionTest.setUp(PermissionTest.java:48)
at testcases.PermissionTest.setUp(PermissionTest.java:48)
at testcases.PermissionTest.setUp(PermissionTest.java:48)
at testcases.PermissionTest.setUp(PermissionTest.java:48)
at testcases.PermissionTest.setUp(PermissionTest.java:48)
at testcases.PermissionTest.setUp(PermissionTest.java:48)
at testcases.PermissionTest.setUp(PermissionTest.java:48)
at testcases.PermissionTest.setUp(PermissionTest.java:48)
at testcases.PermissionTest.setUp(PermissionTest.java:48)
at testcases.PermissionTest.setUp(PermissionTest.java:48)
at testcases.PermissionTest.setUp(PermissionTest.java:48)
at testcases.PermissionTest.setUp(PermissionTest.java:48)
at testcases.PermissionTest.setUp(PermissionTest.java:48)
at testcases.PermissionTest.setUp(PermissionTest.java:48)
at testcases.PermissionTest.setUp(PermissionTest.java:48)
at testcases.PermissionTest.setUp(PermissionTest.java:48)
at testcases.PermissionTest.setUp(PermissionTest.java:48)
at testcases.PermissionTest.setUp(PermissionTest.java:48)
at testcases.PermissionTest.setUp(PermissionTest.java:48)
at testcases.PermissionTest.setUp(PermissionTest.java:48)
at testcases.PermissionTest.setUp(PermissionTest.java:48)
at testcases.PermissionTest.setUp(PermissionTest.java:48)
at testcases.PermissionTest.setUp(PermissionTest.java:48)
at testcases.PermissionTest.setUp(PermissionTest.java:48)
at testcases.PermissionTest.setUp(PermissionTest.java:48)
at testcases.PermissionTest.setUp(PermissionTest.java:48)
at testcases.PermissionTest.setUp(PermissionTest.java:48)
at testcases.PermissionTest.setUp(PermissionTest.java:48)
at testcases.PermissionTest.setUp(PermissionTest.java:48)
at testcases.PermissionTest.setUp(PermissionTest.java:48)
at testcases.PermissionTest.setUp(PermissionTest.java:48)
at testcases.PermissionTest.setUp(PermissionTest.java:48)
at testcases.PermissionTest.setUp(PermissionTest.java:48)
at testcases.PermissionTest.setUp(PermissionTest.java:48)
at testcases.PermissionTest.setUp(PermissionTest.java:48)
at testcases.PermissionTest.setUp(PermissionTest.java:48)
at testcases.PermissionTest.setUp(PermissionTest.java:48)
at testcases.PermissionTest.setUp(PermissionTest.java:48)
at testcases.PermissionTest.setUp(PermissionTest.java:48)
at testcases.PermissionTest.setUp(PermissionTest.java:48)
at testcases.PermissionTest.setUp(PermissionTest.java:48)
at testcases.PermissionTest.setUp(PermissionTest.java:48)
at testcases.PermissionTest.setUp(PermissionTest.java:48)
at testcases.PermissionTest.setUp(PermissionTest.java:48)
at testcases.PermissionTest.setUp(PermissionTest.java:48)
at testcases.PermissionTest.setUp(PermissionTest.java:48)
at testcases.PermissionTest.setUp(PermissionTest.java:48)
at testcases.PermissionTest.setUp(PermissionTest.java:48)
at testcases.PermissionTest.setUp(PermissionTest.java:48)
at testcases.PermissionTest.setUp(PermissionTest.java:48)
at testcases.PermissionTest.setUp(PermissionTest.java:48)
at testcases.PermissionTest.setUp(PermissionTest.java:48)
at testcases.PermissionTest.setUp(PermissionTest.java:48)
at testcases.PermissionTest.setUp(PermissionTest.java:48)
at testcases.PermissionTest.setUp(PermissionTest.java:48)
at testcases.PermissionTest.setUp(PermissionTest.java:48)
at testcases.PermissionTest.setUp(PermissionTest.java:48)
at testcases.PermissionTest.setUp(PermissionTest.java:48)
at testcases.PermissionTest.setUp(PermissionTest.java:48)
at testcases.PermissionTest.setUp(PermissionTest.java:48)
at testcases.PermissionTest.setUp(PermissionTest.java:48)
at testcases.PermissionTest.setUp(PermissionTest.java:48)
at testcases.PermissionTest.setUp(PermissionTest.java:48)
at testcases.PermissionTest.setUp(PermissionTest.java:48)
at testcases.PermissionTest.setUp(PermissionTest.java:48)
at testcases.PermissionTest.setUp(PermissionTest.java:48)
at testcases.PermissionTest.setUp(PermissionTest.java:48)
at testcases.PermissionTest.setUp(PermissionTest.java:48)
at testcases.PermissionTest.setUp(PermissionTest.java:48)
at testcases.PermissionTest.setUp(PermissionTest.java:48)
at testcases.PermissionTest.setUp(PermissionTest.java:48)
at testcases.PermissionTest.setUp(PermissionTest.java:48)
at testcases.PermissionTest.setUp(PermissionTest.java:48)
at testcases.PermissionTest.setUp(PermissionTest.java:48)
at testcases.PermissionTest.setUp(PermissionTest.java:48)
at testcases.PermissionTest.setUp(PermissionTest.java:48)
at testcases.PermissionTest.setUp(PermissionTest.java:48)
at testcases.PermissionTest.setUp(PermissionTest.java:48)
at testcases.PermissionTest.setUp(PermissionTest.java:48)
at testcases.PermissionTest.setUp(PermissionTest.java:48)
at testcases.PermissionTest.setUp(PermissionTest.java:48)
at testcases.PermissionTest.setUp(PermissionTest.java:48)
at testcases.PermissionTest.setUp(PermissionTest.java:48)
at testcases.PermissionTest.setUp(PermissionTest.java:48)
at testcases.PermissionTest.setUp(PermissionTest.java:48)
at testcases.PermissionTest.setUp(PermissionTest.java:48)
at testcases.PermissionTest.setUp(PermissionTest.java:48)
at testcases.PermissionTest.setUp(PermissionTest.java:48)
]]>
    </error>
  </testcase> <!-- setUp -->
  <system-out/>
  <testcase classname="testcases.PermissionTest" name="testGroupConnNone" time="0.000">
    <skipped/>
  </testcase> <!-- testGroupConnNone -->
  <system-out/>
  <testcase classname="testcases.PermissionTest" name="testConnUseOnly" time="0.000">
    <skipped/>
  </testcase> <!-- testConnUseOnly -->
  <system-out/>
  <testcase classname="testcases.PermissionTest" name="testGroupConnUseonly" time="0.000">
    <skipped/>
  </testcase> <!-- testGroupConnUseonly -->
  <system-out/>
  <testcase classname="testcases.PermissionTest" name="testGroupEditorPrem" time="0.000">
    <skipped/>
  </testcase> <!-- testGroupEditorPrem -->
  <system-out/>
  <testcase classname="testcases.PermissionTest" name="testGroupPreviewPrem" time="0.000">
    <skipped/>
  </testcase> <!-- testGroupPreviewPrem -->
  <system-out/>
  <testcase classname="testcases.PermissionTest" name="testGroupNonePrem" time="0.000">
    <skipped/>
  </testcase> <!-- testGroupNonePrem -->
  <system-out/>
  <testcase classname="testcases.PermissionTest" name="testNone" time="0.000">
    <skipped/>
  </testcase> <!-- testNone -->
  <system-out/>
  <testcase classname="testcases.PermissionTest" name="testPreviewOnly" time="0.000">
    <skipped/>
  </testcase> <!-- testPreviewOnly -->
  <system-out/>
  <testcase classname="testcases.PermissionTest" name="testEditor" time="0.000">
    <skipped/>
  </testcase> <!-- testEditor -->
  <system-out/>
</testsuite> <!-- testcases.PermissionTest -->
