<?xml version="1.0" encoding="UTF-8"?>
<!-- Generated by org.testng.reporters.JUnitReportReporter -->
<testsuite hostname="DESKTOP-2SJV0LG" failures="0" tests="2" name="testcases.HeadFullTestCases" time="180.676" errors="0" timestamp="2023-01-10T13:46:24 IST" skipped="0">
  <testcase classname="testcases.HeadFullTestCases" name="checkApiOAuth2" time="92.090"/>
  <system-out/>
  <testcase classname="testcases.HeadFullTestCases" name="checkApiOAuth1" time="88.586"/>
  <system-out/>
</testsuite> <!-- testcases.HeadFullTestCases -->
